{"name": "test_open_homepage[chrome]", "status": "broken", "statusDetails": {"message": "selenium.common.exceptions.TimeoutException: Message:", "trace": "self = <POM_Framework.tests.test_randoim.TestMenuLinks object at 0x00000248848C4940>\n\n    def test_open_homepage(self):\n        # Ensure driver is initialized correctly\n        assert self.driver is not None, \"Driver is not initialized!\"\n    \n        self.navigation_page = NavigationPage(self.driver)\n        home = HomePage(self.driver)\n    \n        self.driver.get(\"https://www.zodiaconline.com/\")\n        home.capture_screenshot(self.test_name, \"01_HomePageLoaded\")\n    \n        # Click \"New Arrivals\" and validate\n        # self.navigation_page.click_new_arrivals()\n        # assert \"new-arrivals\" in self.driver.current_url, f\"Expected 'new-arrivals' in URL but got {self.driver.current_url}\"\n        # home.capture_screenshot(self.test_name, \"02_NewArrivals_page_Loaded\")\n    \n        # Click \"Shirts\" and validate\n>       self.navigation_page.click_shirts()\n\ntest_randoim.py:29: \n_ _ _ _ _ _ _ _ _ _ _ _ _ _ _ _ _ _ _ _ _ _ _ _ _ _ _ _ _ _ _ _ _ _ _ _ _ _ _ _\n..\\pages\\menu_navigation_objects.py:73: in click_shirts\n    self.shirts_link.click()\n..\\pages\\menu_navigation_objects.py:29: in shirts_link\n    return self.find_element((By.XPATH, \"//a[contains(text(),'SHIRTS')]\"))\n..\\pages\\menu_navigation_objects.py:13: in find_element\n    return self.wait.until(EC.element_to_be_clickable(locator))\n_ _ _ _ _ _ _ _ _ _ _ _ _ _ _ _ _ _ _ _ _ _ _ _ _ _ _ _ _ _ _ _ _ _ _ _ _ _ _ _\n\nself = <selenium.webdriver.support.wait.WebDriverWait (session=\"f6e1b7297bd0d2aa2cdf5e35f9b4d0f8\")>\nmethod = <function element_to_be_clickable.<locals>._predicate at 0x00000248849509D0>\nmessage = ''\n\n    def until(self, method: Callable[[D], Union[Literal[False], T]], message: str = \"\") -> T:\n        \"\"\"Wait until the method returns a value that is not False.\n    \n        Calls the method provided with the driver as an argument until the\n        return value does not evaluate to ``False``.\n    \n        Parameters:\n        ----------\n        method: callable(WebDriver)\n            - A callable object that takes a WebDriver instance as an argument.\n    \n        message: str\n            - Optional message for :exc:`TimeoutException`\n    \n        Return:\n        -------\n        object: T\n            - The result of the last call to `method`\n    \n        Raises:\n        -------\n        TimeoutException\n            - If 'method' does not return a truthy value within the WebDriverWait\n            object's timeout\n    \n        Example:\n        --------\n        >>> from selenium.webdriver.common.by import By\n        >>> from selenium.webdriver.support.ui import WebDriverWait\n        >>> from selenium.webdriver.support import expected_conditions as EC\n    \n        # Wait until an element is visible on the page\n        >>> wait = WebDriverWait(driver, 10)\n        >>> element = wait.until(EC.visibility_of_element_located((By.ID, \"exampleId\")))\n        >>> print(element.text)\n        \"\"\"\n        screen = None\n        stacktrace = None\n    \n        end_time = time.monotonic() + self._timeout\n        while True:\n            try:\n                value = method(self._driver)\n                if value:\n                    return value\n            except self._ignored_exceptions as exc:\n                screen = getattr(exc, \"screen\", None)\n                stacktrace = getattr(exc, \"stacktrace\", None)\n            if time.monotonic() > end_time:\n                break\n            time.sleep(self._poll)\n>       raise TimeoutException(message, screen, stacktrace)\nE       selenium.common.exceptions.TimeoutException: Message:\n\n..\\..\\..\\AppData\\Local\\Programs\\Python\\Python310\\lib\\site-packages\\selenium\\webdriver\\support\\wait.py:146: TimeoutException"}, "attachments": [{"name": "01_HomePageLoaded", "source": "7759da3f-1b73-427c-83cb-a43fea30e412-attachment.png", "type": "image/png"}, {"name": "stdout", "source": "df8e49b5-92b4-4caf-af81-d53651047f1c-attachment.txt", "type": "text/plain"}], "parameters": [{"name": "driver", "value": "'chrome'"}], "start": 1742289097781, "stop": 1742289109619, "uuid": "4937674c-eaad-492a-af8e-6559cb952c00", "historyId": "8ea28fc431111849b86ef8ba36d39acd", "testCaseId": "35584e3a63732212f881732b0499ef3b", "fullName": "tests.test_randoim.TestMenuLinks#test_open_homepage", "labels": [{"name": "feature", "value": "Validate menu links Feature"}, {"name": "story", "value": "Validate menu links journey"}, {"name": "tag", "value": "@pytest.mark.usefixtures('driver')"}, {"name": "parentSuite", "value": "tests"}, {"name": "suite", "value": "test_randoim"}, {"name": "subSuite", "value": "TestMenuLinks"}, {"name": "host", "value": "BOMINA-NW10886"}, {"name": "thread", "value": "20576-MainThread"}, {"name": "framework", "value": "pytest"}, {"name": "language", "value": "cpython3"}, {"name": "package", "value": "tests.test_randoim"}]}