{"name": "test_guest_checkout[chrome]", "status": "broken", "statusDetails": {"message": "selenium.common.exceptions.TimeoutException: Message: \nStacktrace:\n\tGetHandleVerifier [0x00B80283+25139]\n\t(No symbol) [0x00B0B234]\n\t(No symbol) [0x009E04A3]\n\t(No symbol) [0x00A28338]\n\t(No symbol) [0x00A2868B]\n\t(No symbol) [0x00A70F62]\n\t(No symbol) [0x00A4CF84]\n\t(No symbol) [0x00A6E6E1]\n\t(No symbol) [0x00A4CD36]\n\t(No symbol) [0x00A1BD29]\n\t(No symbol) [0x00A1D064]\n\tGetHandleVerifier [0x00E8B143+3215603]\n\tGetHandleVerifier [0x00EA22BA+3310186]\n\tGetHandleVerifier [0x00E9C4D2+3286146]\n\tGetHandleVerifier [0x00C19C80+654384]\n\t(No symbol) [0x00B145BD]\n\t(No symbol) [0x00B114A8]\n\t(No symbol) [0x00B11647]\n\t(No symbol) [0x00B03D20]\n\t(No symbol) [0x751F5D49]\n\tRtlInitializeExceptionChain [0x771ACDEB+107]\n\tRtlGetAppContainerNamedObjectPath [0x771ACD71+561]", "trace": "self = <POM_Framework.tests.test_guest_checkout.TestGuestCheckout object at 0x000001BFEB501FF0>\n\n    def test_guest_checkout(self):\n        test_name = \"test_guest_checkout\"  # Test case name for screenshots\n        home = HomePage(self.driver)\n        product = ProductPage(self.driver)\n        checkout = CheckoutPage(self.driver)\n    \n        home.open_url(\"https://preprod.zodiaconline.com/\")\n        time.sleep(1)\n        home.capture_screenshot(test_name, \"01_HomePageLoaded\")  # Capture screenshot\n    \n        home.navigate_to_shirts()\n        time.sleep(1)\n        home.capture_screenshot(test_name, \"02_NavigatedToShirts\")\n    \n        product.select_first_product()\n        time.sleep(1)\n        product.capture_screenshot(test_name, \"03_ProductPageLoaded\")\n    \n        assert product.validate_product_name_and_breadcrumb(), \"Mismatch between breadcrumb and product name\"\n        assert product.validate_swatch_images(), \"Less than 2 swatch images found\"\n    \n        product.select_size()\n        time.sleep(1)\n        product.capture_screenshot(test_name, \"04_SelectedSize\")\n    \n        product.add_to_cart()\n        time.sleep(1)\n        product.capture_screenshot(test_name, \"05_AddedToCart\")\n    \n>       assert product.validate_view_cart_button(), \"View Cart button is not visible\"\n\ntest_guest_checkout.py:44: \n_ _ _ _ _ _ _ _ _ _ _ _ _ _ _ _ _ _ _ _ _ _ _ _ _ _ _ _ _ _ _ _ _ _ _ _ _ _ _ _\n..\\pages\\product_page.py:35: in validate_view_cart_button\n    return WebDriverWait(self.driver, 10).until(\n_ _ _ _ _ _ _ _ _ _ _ _ _ _ _ _ _ _ _ _ _ _ _ _ _ _ _ _ _ _ _ _ _ _ _ _ _ _ _ _\n\nself = <selenium.webdriver.support.wait.WebDriverWait (session=\"fc032d6494c24f576372d99769451c5d\")>\nmethod = <function visibility_of_element_located.<locals>._predicate at 0x000001BFEB516DD0>\nmessage = ''\n\n    def until(self, method: Callable[[D], Union[Literal[False], T]], message: str = \"\") -> T:\n        \"\"\"Wait until the method returns a value that is not False.\n    \n        Calls the method provided with the driver as an argument until the\n        return value does not evaluate to ``False``.\n    \n        Parameters:\n        ----------\n        method: callable(WebDriver)\n            - A callable object that takes a WebDriver instance as an argument.\n    \n        message: str\n            - Optional message for :exc:`TimeoutException`\n    \n        Return:\n        -------\n        object: T\n            - The result of the last call to `method`\n    \n        Raises:\n        -------\n        TimeoutException\n            - If 'method' does not return a truthy value within the WebDriverWait\n            object's timeout\n    \n        Example:\n        --------\n        >>> from selenium.webdriver.common.by import By\n        >>> from selenium.webdriver.support.ui import WebDriverWait\n        >>> from selenium.webdriver.support import expected_conditions as EC\n    \n        # Wait until an element is visible on the page\n        >>> wait = WebDriverWait(driver, 10)\n        >>> element = wait.until(EC.visibility_of_element_located((By.ID, \"exampleId\")))\n        >>> print(element.text)\n        \"\"\"\n        screen = None\n        stacktrace = None\n    \n        end_time = time.monotonic() + self._timeout\n        while True:\n            try:\n                value = method(self._driver)\n                if value:\n                    return value\n            except self._ignored_exceptions as exc:\n                screen = getattr(exc, \"screen\", None)\n                stacktrace = getattr(exc, \"stacktrace\", None)\n            if time.monotonic() > end_time:\n                break\n            time.sleep(self._poll)\n>       raise TimeoutException(message, screen, stacktrace)\nE       selenium.common.exceptions.TimeoutException: Message: \nE       Stacktrace:\nE       \tGetHandleVerifier [0x00B80283+25139]\nE       \t(No symbol) [0x00B0B234]\nE       \t(No symbol) [0x009E04A3]\nE       \t(No symbol) [0x00A28338]\nE       \t(No symbol) [0x00A2868B]\nE       \t(No symbol) [0x00A70F62]\nE       \t(No symbol) [0x00A4CF84]\nE       \t(No symbol) [0x00A6E6E1]\nE       \t(No symbol) [0x00A4CD36]\nE       \t(No symbol) [0x00A1BD29]\nE       \t(No symbol) [0x00A1D064]\nE       \tGetHandleVerifier [0x00E8B143+3215603]\nE       \tGetHandleVerifier [0x00EA22BA+3310186]\nE       \tGetHandleVerifier [0x00E9C4D2+3286146]\nE       \tGetHandleVerifier [0x00C19C80+654384]\nE       \t(No symbol) [0x00B145BD]\nE       \t(No symbol) [0x00B114A8]\nE       \t(No symbol) [0x00B11647]\nE       \t(No symbol) [0x00B03D20]\nE       \t(No symbol) [0x751F5D49]\nE       \tRtlInitializeExceptionChain [0x771ACDEB+107]\nE       \tRtlGetAppContainerNamedObjectPath [0x771ACD71+561]\n\n..\\..\\..\\AppData\\Local\\Programs\\Python\\Python310\\lib\\site-packages\\selenium\\webdriver\\support\\wait.py:146: TimeoutException"}, "attachments": [{"name": "01_HomePageLoaded", "source": "9695ce53-fd64-4d58-9df0-e0dddfef1961-attachment.png", "type": "image/png"}, {"name": "02_NavigatedToShirts", "source": "0bfd7861-3306-4ce8-8861-200d726651c9-attachment.png", "type": "image/png"}, {"name": "03_ProductPageLoaded", "source": "4d51f9e6-e32d-4a9c-8054-0744cb75d821-attachment.png", "type": "image/png"}, {"name": "04_SelectedSize", "source": "bdc36994-120d-4acc-962f-8e5fb26041cc-attachment.png", "type": "image/png"}, {"name": "05_AddedToCart", "source": "b951e2b2-26ea-43c0-b923-06bf6a813d56-attachment.png", "type": "image/png"}, {"name": "stdout", "source": "1b242034-1edb-4d7c-bf53-a830e46d5110-attachment.txt", "type": "text/plain"}], "parameters": [{"name": "driver", "value": "'chrome'"}], "start": 1740372388153, "stop": 1740372411171, "uuid": "c9c97f28-dcff-496a-bfd6-5fb5956ae439", "historyId": "cb9089165e9f8e115d0e2d6d384c5539", "testCaseId": "9b7f0a169330f2282ff04f62e49b290d", "fullName": "tests.test_guest_checkout.TestGuestCheckout#test_guest_checkout", "labels": [{"name": "tag", "value": "@pytest.mark.usefixtures('driver')"}, {"name": "parentSuite", "value": "tests"}, {"name": "suite", "value": "test_guest_checkout"}, {"name": "subSuite", "value": "TestGuestCheckout"}, {"name": "host", "value": "BOMINA-NW10886"}, {"name": "thread", "value": "34560-MainThread"}, {"name": "framework", "value": "pytest"}, {"name": "language", "value": "cpython3"}, {"name": "package", "value": "tests.test_guest_checkout"}]}