{"name": "test_guest_checkout[edge]", "status": "broken", "statusDetails": {"message": "selenium.common.exceptions.TimeoutException: Message: \nStacktrace:\n\tGetHandleVerifier [0x00007FF6A632E735+13397]\n\tMicrosoft::Applications::Events::EventProperty::empty [0x00007FF6A65BB1B4+2060276]\n\tMicrosoft::Applications::Events::EventProperty::empty [0x00007FF6A6512338+1368440]\n\t(No symbol) [0x00007FF6A61032A9]\n\t(No symbol) [0x00007FF6A610349B]\n\t(No symbol) [0x00007FF6A61440E7]\n\t(No symbol) [0x00007FF6A612429F]\n\t(No symbol) [0x00007FF6A60F964D]\n\t(No symbol) [0x00007FF6A6141C00]\n\t(No symbol) [0x00007FF6A6123FC3]\n\t(No symbol) [0x00007FF6A60F8B96]\n\t(No symbol) [0x00007FF6A60F7E50]\n\t(No symbol) [0x00007FF6A60F89C3]\n\t(No symbol) [0x00007FF6A6180214]\n\t(No symbol) [0x00007FF6A62106CF]\n\t(No symbol) [0x00007FF6A6183A53]\n\tMicrosoft::Applications::Events::EventProperty::to_string [0x00007FF6A66745BD+279981]\n\tsimdutf::get_active_implementation [0x00007FF6A62B78C1+409457]\n\tsimdutf::get_active_implementation [0x00007FF6A62B2BA4+389716]\n\tsimdutf::get_active_implementation [0x00007FF6A62B2CE9+390041]\n\tsimdutf::get_active_implementation [0x00007FF6A62A62E6+338326]\n\t(No symbol) [0x00007FFDAC31E8D7]\n\tRtlUserThreadStart [0x00007FFDAD7FBF2C+44]", "trace": "self = <POM_Framework.tests.test_guest_checkout.TestGuestCheckout object at 0x000001BFEB501F00>\n\n    def test_guest_checkout(self):\n        test_name = \"test_guest_checkout\"  # Test case name for screenshots\n        home = HomePage(self.driver)\n        product = ProductPage(self.driver)\n        checkout = CheckoutPage(self.driver)\n    \n        home.open_url(\"https://preprod.zodiaconline.com/\")\n        time.sleep(1)\n        home.capture_screenshot(test_name, \"01_HomePageLoaded\")  # Capture screenshot\n    \n        home.navigate_to_shirts()\n        time.sleep(1)\n        home.capture_screenshot(test_name, \"02_NavigatedToShirts\")\n    \n        product.select_first_product()\n        time.sleep(1)\n        product.capture_screenshot(test_name, \"03_ProductPageLoaded\")\n    \n        assert product.validate_product_name_and_breadcrumb(), \"Mismatch between breadcrumb and product name\"\n        assert product.validate_swatch_images(), \"Less than 2 swatch images found\"\n    \n        product.select_size()\n        time.sleep(1)\n        product.capture_screenshot(test_name, \"04_SelectedSize\")\n    \n        product.add_to_cart()\n        time.sleep(1)\n        product.capture_screenshot(test_name, \"05_AddedToCart\")\n    \n>       assert product.validate_view_cart_button(), \"View Cart button is not visible\"\n\ntest_guest_checkout.py:44: \n_ _ _ _ _ _ _ _ _ _ _ _ _ _ _ _ _ _ _ _ _ _ _ _ _ _ _ _ _ _ _ _ _ _ _ _ _ _ _ _\n..\\pages\\product_page.py:35: in validate_view_cart_button\n    return WebDriverWait(self.driver, 10).until(\n_ _ _ _ _ _ _ _ _ _ _ _ _ _ _ _ _ _ _ _ _ _ _ _ _ _ _ _ _ _ _ _ _ _ _ _ _ _ _ _\n\nself = <selenium.webdriver.support.wait.WebDriverWait (session=\"7c6e1bd823ef5fa173952b17df6ee46b\")>\nmethod = <function visibility_of_element_located.<locals>._predicate at 0x000001BFEB61D1B0>\nmessage = ''\n\n    def until(self, method: Callable[[D], Union[Literal[False], T]], message: str = \"\") -> T:\n        \"\"\"Wait until the method returns a value that is not False.\n    \n        Calls the method provided with the driver as an argument until the\n        return value does not evaluate to ``False``.\n    \n        Parameters:\n        ----------\n        method: callable(WebDriver)\n            - A callable object that takes a WebDriver instance as an argument.\n    \n        message: str\n            - Optional message for :exc:`TimeoutException`\n    \n        Return:\n        -------\n        object: T\n            - The result of the last call to `method`\n    \n        Raises:\n        -------\n        TimeoutException\n            - If 'method' does not return a truthy value within the WebDriverWait\n            object's timeout\n    \n        Example:\n        --------\n        >>> from selenium.webdriver.common.by import By\n        >>> from selenium.webdriver.support.ui import WebDriverWait\n        >>> from selenium.webdriver.support import expected_conditions as EC\n    \n        # Wait until an element is visible on the page\n        >>> wait = WebDriverWait(driver, 10)\n        >>> element = wait.until(EC.visibility_of_element_located((By.ID, \"exampleId\")))\n        >>> print(element.text)\n        \"\"\"\n        screen = None\n        stacktrace = None\n    \n        end_time = time.monotonic() + self._timeout\n        while True:\n            try:\n                value = method(self._driver)\n                if value:\n                    return value\n            except self._ignored_exceptions as exc:\n                screen = getattr(exc, \"screen\", None)\n                stacktrace = getattr(exc, \"stacktrace\", None)\n            if time.monotonic() > end_time:\n                break\n            time.sleep(self._poll)\n>       raise TimeoutException(message, screen, stacktrace)\nE       selenium.common.exceptions.TimeoutException: Message: \nE       Stacktrace:\nE       \tGetHandleVerifier [0x00007FF6A632E735+13397]\nE       \tMicrosoft::Applications::Events::EventProperty::empty [0x00007FF6A65BB1B4+2060276]\nE       \tMicrosoft::Applications::Events::EventProperty::empty [0x00007FF6A6512338+1368440]\nE       \t(No symbol) [0x00007FF6A61032A9]\nE       \t(No symbol) [0x00007FF6A610349B]\nE       \t(No symbol) [0x00007FF6A61440E7]\nE       \t(No symbol) [0x00007FF6A612429F]\nE       \t(No symbol) [0x00007FF6A60F964D]\nE       \t(No symbol) [0x00007FF6A6141C00]\nE       \t(No symbol) [0x00007FF6A6123FC3]\nE       \t(No symbol) [0x00007FF6A60F8B96]\nE       \t(No symbol) [0x00007FF6A60F7E50]\nE       \t(No symbol) [0x00007FF6A60F89C3]\nE       \t(No symbol) [0x00007FF6A6180214]\nE       \t(No symbol) [0x00007FF6A62106CF]\nE       \t(No symbol) [0x00007FF6A6183A53]\nE       \tMicrosoft::Applications::Events::EventProperty::to_string [0x00007FF6A66745BD+279981]\nE       \tsimdutf::get_active_implementation [0x00007FF6A62B78C1+409457]\nE       \tsimdutf::get_active_implementation [0x00007FF6A62B2BA4+389716]\nE       \tsimdutf::get_active_implementation [0x00007FF6A62B2CE9+390041]\nE       \tsimdutf::get_active_implementation [0x00007FF6A62A62E6+338326]\nE       \t(No symbol) [0x00007FFDAC31E8D7]\nE       \tRtlUserThreadStart [0x00007FFDAD7FBF2C+44]\n\n..\\..\\..\\AppData\\Local\\Programs\\Python\\Python310\\lib\\site-packages\\selenium\\webdriver\\support\\wait.py:146: TimeoutException"}, "attachments": [{"name": "01_HomePageLoaded", "source": "d31e361a-636f-49ba-ac29-47736c3361f2-attachment.png", "type": "image/png"}, {"name": "02_NavigatedToShirts", "source": "86cb3b96-9b89-44d3-b3d9-e8101e37bb08-attachment.png", "type": "image/png"}, {"name": "03_ProductPageLoaded", "source": "49b065b7-c839-472f-8af4-01e459697f4b-attachment.png", "type": "image/png"}, {"name": "04_SelectedSize", "source": "b741de5f-bec9-498f-a6d1-299a0646652b-attachment.png", "type": "image/png"}, {"name": "05_AddedToCart", "source": "b93dc6da-7514-41f2-a47e-1b812c2b5089-attachment.png", "type": "image/png"}, {"name": "stdout", "source": "350a0438-dd51-4554-ab56-7afa3679a450-attachment.txt", "type": "text/plain"}], "parameters": [{"name": "driver", "value": "'edge'"}], "start": 1740372457687, "stop": 1740372481473, "uuid": "a6722ee9-8587-44fa-bcc8-80e269fa7762", "historyId": "eb2c6f15825d0e9cb61fc8c78b6ec0cd", "testCaseId": "9b7f0a169330f2282ff04f62e49b290d", "fullName": "tests.test_guest_checkout.TestGuestCheckout#test_guest_checkout", "labels": [{"name": "tag", "value": "@pytest.mark.usefixtures('driver')"}, {"name": "parentSuite", "value": "tests"}, {"name": "suite", "value": "test_guest_checkout"}, {"name": "subSuite", "value": "TestGuestCheckout"}, {"name": "host", "value": "BOMINA-NW10886"}, {"name": "thread", "value": "34560-MainThread"}, {"name": "framework", "value": "pytest"}, {"name": "language", "value": "cpython3"}, {"name": "package", "value": "tests.test_guest_checkout"}]}