{"name": "test_guest_checkout[firefox]", "status": "broken", "statusDetails": {"message": "selenium.common.exceptions.TimeoutException: Message: \nStacktrace:\nRemoteError@chrome://remote/content/shared/RemoteError.sys.mjs:8:8\nWebDriverError@chrome://remote/content/shared/webdriver/Errors.sys.mjs:193:5\nNoSuchElementError@chrome://remote/content/shared/webdriver/Errors.sys.mjs:511:5\ndom.find/</<@chrome://remote/content/shared/DOM.sys.mjs:136:16", "trace": "self = <POM_Framework.tests.test_guest_checkout.TestGuestCheckout object at 0x000001690D9F1F30>\n\n    def test_guest_checkout(self):\n        test_name = \"test_guest_checkout\"  # Test case name for screenshots\n        home = HomePage(self.driver)\n        product = ProductPage(self.driver)\n        checkout = CheckoutPage(self.driver)\n    \n        home.open_url(\"https://preprod.zodiaconline.com/\")\n        time.sleep(1)\n        home.capture_screenshot(test_name, \"01_HomePageLoaded\")  # Capture screenshot\n    \n        home.navigate_to_shirts()\n        time.sleep(1)\n        home.capture_screenshot(test_name, \"02_NavigatedToShirts\")\n    \n        product.select_first_product()\n        time.sleep(1)\n        product.capture_screenshot(test_name, \"03_ProductPageLoaded\")\n    \n        assert product.validate_product_name_and_breadcrumb(), \"Mismatch between breadcrumb and product name\"\n        assert product.validate_swatch_images(), \"Less than 2 swatch images found\"\n    \n        product.select_size()\n        time.sleep(1)\n        product.capture_screenshot(test_name, \"04_SelectedSize\")\n    \n        product.add_to_cart()\n        time.sleep(1)\n        product.capture_screenshot(test_name, \"05_AddedToCart\")\n    \n>       assert product.validate_view_cart_button(), \"View Cart button is not visible\"\n\ntest_guest_checkout.py:44: \n_ _ _ _ _ _ _ _ _ _ _ _ _ _ _ _ _ _ _ _ _ _ _ _ _ _ _ _ _ _ _ _ _ _ _ _ _ _ _ _\n..\\pages\\product_page.py:35: in validate_view_cart_button\n    return WebDriverWait(self.driver, 10).until(\n_ _ _ _ _ _ _ _ _ _ _ _ _ _ _ _ _ _ _ _ _ _ _ _ _ _ _ _ _ _ _ _ _ _ _ _ _ _ _ _\n\nself = <selenium.webdriver.support.wait.WebDriverWait (session=\"b66c354e-a3ab-44c1-a9fb-55b0a9a36a1c\")>\nmethod = <function visibility_of_element_located.<locals>._predicate at 0x000001690DB0CDC0>\nmessage = ''\n\n    def until(self, method: Callable[[D], Union[Literal[False], T]], message: str = \"\") -> T:\n        \"\"\"Wait until the method returns a value that is not False.\n    \n        Calls the method provided with the driver as an argument until the\n        return value does not evaluate to ``False``.\n    \n        Parameters:\n        ----------\n        method: callable(WebDriver)\n            - A callable object that takes a WebDriver instance as an argument.\n    \n        message: str\n            - Optional message for :exc:`TimeoutException`\n    \n        Return:\n        -------\n        object: T\n            - The result of the last call to `method`\n    \n        Raises:\n        -------\n        TimeoutException\n            - If 'method' does not return a truthy value within the WebDriverWait\n            object's timeout\n    \n        Example:\n        --------\n        >>> from selenium.webdriver.common.by import By\n        >>> from selenium.webdriver.support.ui import WebDriverWait\n        >>> from selenium.webdriver.support import expected_conditions as EC\n    \n        # Wait until an element is visible on the page\n        >>> wait = WebDriverWait(driver, 10)\n        >>> element = wait.until(EC.visibility_of_element_located((By.ID, \"exampleId\")))\n        >>> print(element.text)\n        \"\"\"\n        screen = None\n        stacktrace = None\n    \n        end_time = time.monotonic() + self._timeout\n        while True:\n            try:\n                value = method(self._driver)\n                if value:\n                    return value\n            except self._ignored_exceptions as exc:\n                screen = getattr(exc, \"screen\", None)\n                stacktrace = getattr(exc, \"stacktrace\", None)\n            if time.monotonic() > end_time:\n                break\n            time.sleep(self._poll)\n>       raise TimeoutException(message, screen, stacktrace)\nE       selenium.common.exceptions.TimeoutException: Message: \nE       Stacktrace:\nE       RemoteError@chrome://remote/content/shared/RemoteError.sys.mjs:8:8\nE       WebDriverError@chrome://remote/content/shared/webdriver/Errors.sys.mjs:193:5\nE       NoSuchElementError@chrome://remote/content/shared/webdriver/Errors.sys.mjs:511:5\nE       dom.find/</<@chrome://remote/content/shared/DOM.sys.mjs:136:16\n\n..\\..\\..\\AppData\\Local\\Programs\\Python\\Python310\\lib\\site-packages\\selenium\\webdriver\\support\\wait.py:146: TimeoutException"}, "attachments": [{"name": "01_HomePageLoaded", "source": "6d26348b-daf4-4c76-ae97-0bb1d8796cf5-attachment.png", "type": "image/png"}, {"name": "02_NavigatedToShirts", "source": "58b08f3b-f9bd-49c7-aadc-6e95c1a8ce28-attachment.png", "type": "image/png"}, {"name": "03_ProductPageLoaded", "source": "6c1d358c-d08f-4f58-9218-834b57c3cc41-attachment.png", "type": "image/png"}, {"name": "04_SelectedSize", "source": "af4bd60f-2434-461a-861f-376826f35e88-attachment.png", "type": "image/png"}, {"name": "05_AddedToCart", "source": "2a939a3a-24dc-4944-8abf-270eb01e255f-attachment.png", "type": "image/png"}, {"name": "stdout", "source": "a66f808a-3739-4509-ad63-cd023290111e-attachment.txt", "type": "text/plain"}], "parameters": [{"name": "driver", "value": "'firefox'"}], "start": 1740373396371, "stop": 1740373421580, "uuid": "08364a24-7358-4b9d-8ace-8b439dfbdc9c", "historyId": "f2187831c9b3ade32b7752957022d066", "testCaseId": "9b7f0a169330f2282ff04f62e49b290d", "fullName": "tests.test_guest_checkout.TestGuestCheckout#test_guest_checkout", "labels": [{"name": "tag", "value": "@pytest.mark.usefixtures('driver')"}, {"name": "parentSuite", "value": "tests"}, {"name": "suite", "value": "test_guest_checkout"}, {"name": "subSuite", "value": "TestGuestCheckout"}, {"name": "host", "value": "BOMINA-NW10886"}, {"name": "thread", "value": "33568-MainThread"}, {"name": "framework", "value": "pytest"}, {"name": "language", "value": "cpython3"}, {"name": "package", "value": "tests.test_guest_checkout"}]}