{"name": "test_guest_checkout[chrome]", "status": "broken", "statusDetails": {"message": "selenium.common.exceptions.TimeoutException: Message: \nStacktrace:\n\tGetHandleVerifier [0x00F30283+25139]\n\t(No symbol) [0x00EBB234]\n\t(No symbol) [0x00D904A3]\n\t(No symbol) [0x00DD8338]\n\t(No symbol) [0x00DD868B]\n\t(No symbol) [0x00E20F62]\n\t(No symbol) [0x00DFCF84]\n\t(No symbol) [0x00E1E6E1]\n\t(No symbol) [0x00DFCD36]\n\t(No symbol) [0x00DCBD29]\n\t(No symbol) [0x00DCD064]\n\tGetHandleVerifier [0x0123B143+3215603]\n\tGetHandleVerifier [0x012522BA+3310186]\n\tGetHandleVerifier [0x0124C4D2+3286146]\n\tGetHandleVerifier [0x00FC9C80+654384]\n\t(No symbol) [0x00EC45BD]\n\t(No symbol) [0x00EC14A8]\n\t(No symbol) [0x00EC1647]\n\t(No symbol) [0x00EB3D20]\n\t(No symbol) [0x751F5D49]\n\tRtlInitializeExceptionChain [0x771ACDEB+107]\n\tRtlGetAppContainerNamedObjectPath [0x771ACD71+561]", "trace": "self = <POM_Framework.tests.test_guest_checkout.TestGuestCheckout object at 0x000001690D9F1FF0>\n\n    def test_guest_checkout(self):\n        test_name = \"test_guest_checkout\"  # Test case name for screenshots\n        home = HomePage(self.driver)\n        product = ProductPage(self.driver)\n        checkout = CheckoutPage(self.driver)\n    \n        home.open_url(\"https://preprod.zodiaconline.com/\")\n        time.sleep(1)\n        home.capture_screenshot(test_name, \"01_HomePageLoaded\")  # Capture screenshot\n    \n        home.navigate_to_shirts()\n        time.sleep(1)\n        home.capture_screenshot(test_name, \"02_NavigatedToShirts\")\n    \n        product.select_first_product()\n        time.sleep(1)\n        product.capture_screenshot(test_name, \"03_ProductPageLoaded\")\n    \n        assert product.validate_product_name_and_breadcrumb(), \"Mismatch between breadcrumb and product name\"\n        assert product.validate_swatch_images(), \"Less than 2 swatch images found\"\n    \n        product.select_size()\n        time.sleep(1)\n        product.capture_screenshot(test_name, \"04_SelectedSize\")\n    \n        product.add_to_cart()\n        time.sleep(1)\n        product.capture_screenshot(test_name, \"05_AddedToCart\")\n    \n>       assert product.validate_view_cart_button(), \"View Cart button is not visible\"\n\ntest_guest_checkout.py:44: \n_ _ _ _ _ _ _ _ _ _ _ _ _ _ _ _ _ _ _ _ _ _ _ _ _ _ _ _ _ _ _ _ _ _ _ _ _ _ _ _\n..\\pages\\product_page.py:35: in validate_view_cart_button\n    return WebDriverWait(self.driver, 10).until(\n_ _ _ _ _ _ _ _ _ _ _ _ _ _ _ _ _ _ _ _ _ _ _ _ _ _ _ _ _ _ _ _ _ _ _ _ _ _ _ _\n\nself = <selenium.webdriver.support.wait.WebDriverWait (session=\"5cad962dd0bce381cd83d168583df968\")>\nmethod = <function visibility_of_element_located.<locals>._predicate at 0x000001690DA06DD0>\nmessage = ''\n\n    def until(self, method: Callable[[D], Union[Literal[False], T]], message: str = \"\") -> T:\n        \"\"\"Wait until the method returns a value that is not False.\n    \n        Calls the method provided with the driver as an argument until the\n        return value does not evaluate to ``False``.\n    \n        Parameters:\n        ----------\n        method: callable(WebDriver)\n            - A callable object that takes a WebDriver instance as an argument.\n    \n        message: str\n            - Optional message for :exc:`TimeoutException`\n    \n        Return:\n        -------\n        object: T\n            - The result of the last call to `method`\n    \n        Raises:\n        -------\n        TimeoutException\n            - If 'method' does not return a truthy value within the WebDriverWait\n            object's timeout\n    \n        Example:\n        --------\n        >>> from selenium.webdriver.common.by import By\n        >>> from selenium.webdriver.support.ui import WebDriverWait\n        >>> from selenium.webdriver.support import expected_conditions as EC\n    \n        # Wait until an element is visible on the page\n        >>> wait = WebDriverWait(driver, 10)\n        >>> element = wait.until(EC.visibility_of_element_located((By.ID, \"exampleId\")))\n        >>> print(element.text)\n        \"\"\"\n        screen = None\n        stacktrace = None\n    \n        end_time = time.monotonic() + self._timeout\n        while True:\n            try:\n                value = method(self._driver)\n                if value:\n                    return value\n            except self._ignored_exceptions as exc:\n                screen = getattr(exc, \"screen\", None)\n                stacktrace = getattr(exc, \"stacktrace\", None)\n            if time.monotonic() > end_time:\n                break\n            time.sleep(self._poll)\n>       raise TimeoutException(message, screen, stacktrace)\nE       selenium.common.exceptions.TimeoutException: Message: \nE       Stacktrace:\nE       \tGetHandleVerifier [0x00F30283+25139]\nE       \t(No symbol) [0x00EBB234]\nE       \t(No symbol) [0x00D904A3]\nE       \t(No symbol) [0x00DD8338]\nE       \t(No symbol) [0x00DD868B]\nE       \t(No symbol) [0x00E20F62]\nE       \t(No symbol) [0x00DFCF84]\nE       \t(No symbol) [0x00E1E6E1]\nE       \t(No symbol) [0x00DFCD36]\nE       \t(No symbol) [0x00DCBD29]\nE       \t(No symbol) [0x00DCD064]\nE       \tGetHandleVerifier [0x0123B143+3215603]\nE       \tGetHandleVerifier [0x012522BA+3310186]\nE       \tGetHandleVerifier [0x0124C4D2+3286146]\nE       \tGetHandleVerifier [0x00FC9C80+654384]\nE       \t(No symbol) [0x00EC45BD]\nE       \t(No symbol) [0x00EC14A8]\nE       \t(No symbol) [0x00EC1647]\nE       \t(No symbol) [0x00EB3D20]\nE       \t(No symbol) [0x751F5D49]\nE       \tRtlInitializeExceptionChain [0x771ACDEB+107]\nE       \tRtlGetAppContainerNamedObjectPath [0x771ACD71+561]\n\n..\\..\\..\\AppData\\Local\\Programs\\Python\\Python310\\lib\\site-packages\\selenium\\webdriver\\support\\wait.py:146: TimeoutException"}, "attachments": [{"name": "01_HomePageLoaded", "source": "bc362dac-beaf-4200-9c7e-42f15ee6a077-attachment.png", "type": "image/png"}, {"name": "02_NavigatedToShirts", "source": "0313882e-2964-4bbe-9e2b-3d7fd65cd391-attachment.png", "type": "image/png"}, {"name": "03_ProductPageLoaded", "source": "6be657ac-dabc-4428-a436-a1895bb9a932-attachment.png", "type": "image/png"}, {"name": "04_SelectedSize", "source": "c95b0231-72dc-408f-a788-d6bab2dc757d-attachment.png", "type": "image/png"}, {"name": "05_AddedToCart", "source": "5d231ecc-7f07-481b-9fdb-b5d4aa4738a2-attachment.png", "type": "image/png"}, {"name": "stdout", "source": "3a2b31ab-d0da-433f-8a46-088ddbf3ddde-attachment.txt", "type": "text/plain"}], "parameters": [{"name": "driver", "value": "'chrome'"}], "start": 1740373356161, "stop": 1740373380517, "uuid": "efd10f6c-cf2b-45b9-b8ae-a890af4553e9", "historyId": "cb9089165e9f8e115d0e2d6d384c5539", "testCaseId": "9b7f0a169330f2282ff04f62e49b290d", "fullName": "tests.test_guest_checkout.TestGuestCheckout#test_guest_checkout", "labels": [{"name": "tag", "value": "@pytest.mark.usefixtures('driver')"}, {"name": "parentSuite", "value": "tests"}, {"name": "suite", "value": "test_guest_checkout"}, {"name": "subSuite", "value": "TestGuestCheckout"}, {"name": "host", "value": "BOMINA-NW10886"}, {"name": "thread", "value": "33568-MainThread"}, {"name": "framework", "value": "pytest"}, {"name": "language", "value": "cpython3"}, {"name": "package", "value": "tests.test_guest_checkout"}]}