{"name": "test_guest_checkout[edge]", "status": "broken", "statusDetails": {"message": "selenium.common.exceptions.TimeoutException: Message: \nStacktrace:\n\tGetHandleVerifier [0x00007FF745EEE735+13397]\n\tMicrosoft::Applications::Events::EventProperty::empty [0x00007FF74617B1B4+2060276]\n\tMicrosoft::Applications::Events::EventProperty::empty [0x00007FF7460D2338+1368440]\n\t(No symbol) [0x00007FF745CC32A9]\n\t(No symbol) [0x00007FF745CC349B]\n\t(No symbol) [0x00007FF745D040E7]\n\t(No symbol) [0x00007FF745CE429F]\n\t(No symbol) [0x00007FF745CB964D]\n\t(No symbol) [0x00007FF745D01C00]\n\t(No symbol) [0x00007FF745CE3FC3]\n\t(No symbol) [0x00007FF745CB8B96]\n\t(No symbol) [0x00007FF745CB7E50]\n\t(No symbol) [0x00007FF745CB89C3]\n\t(No symbol) [0x00007FF745D40214]\n\t(No symbol) [0x00007FF745DD06CF]\n\t(No symbol) [0x00007FF745D43A53]\n\tMicrosoft::Applications::Events::EventProperty::to_string [0x00007FF7462345BD+279981]\n\tsimdutf::get_active_implementation [0x00007FF745E778C1+409457]\n\tsimdutf::get_active_implementation [0x00007FF745E72BA4+389716]\n\tsimdutf::get_active_implementation [0x00007FF745E72CE9+390041]\n\tsimdutf::get_active_implementation [0x00007FF745E662E6+338326]\n\t(No symbol) [0x00007FFDAC31E8D7]\n\tRtlUserThreadStart [0x00007FFDAD7FBF2C+44]", "trace": "self = <POM_Framework.tests.test_guest_checkout.TestGuestCheckout object at 0x000001690D9F1F00>\n\n    def test_guest_checkout(self):\n        test_name = \"test_guest_checkout\"  # Test case name for screenshots\n        home = HomePage(self.driver)\n        product = ProductPage(self.driver)\n        checkout = CheckoutPage(self.driver)\n    \n        home.open_url(\"https://preprod.zodiaconline.com/\")\n        time.sleep(1)\n        home.capture_screenshot(test_name, \"01_HomePageLoaded\")  # Capture screenshot\n    \n        home.navigate_to_shirts()\n        time.sleep(1)\n        home.capture_screenshot(test_name, \"02_NavigatedToShirts\")\n    \n        product.select_first_product()\n        time.sleep(1)\n        product.capture_screenshot(test_name, \"03_ProductPageLoaded\")\n    \n        assert product.validate_product_name_and_breadcrumb(), \"Mismatch between breadcrumb and product name\"\n        assert product.validate_swatch_images(), \"Less than 2 swatch images found\"\n    \n        product.select_size()\n        time.sleep(1)\n        product.capture_screenshot(test_name, \"04_SelectedSize\")\n    \n        product.add_to_cart()\n        time.sleep(1)\n        product.capture_screenshot(test_name, \"05_AddedToCart\")\n    \n>       assert product.validate_view_cart_button(), \"View Cart button is not visible\"\n\ntest_guest_checkout.py:44: \n_ _ _ _ _ _ _ _ _ _ _ _ _ _ _ _ _ _ _ _ _ _ _ _ _ _ _ _ _ _ _ _ _ _ _ _ _ _ _ _\n..\\pages\\product_page.py:35: in validate_view_cart_button\n    return WebDriverWait(self.driver, 10).until(\n_ _ _ _ _ _ _ _ _ _ _ _ _ _ _ _ _ _ _ _ _ _ _ _ _ _ _ _ _ _ _ _ _ _ _ _ _ _ _ _\n\nself = <selenium.webdriver.support.wait.WebDriverWait (session=\"cd00ee2487243f5250a0797f8b854be0\")>\nmethod = <function visibility_of_element_located.<locals>._predicate at 0x000001690DB0D1B0>\nmessage = ''\n\n    def until(self, method: Callable[[D], Union[Literal[False], T]], message: str = \"\") -> T:\n        \"\"\"Wait until the method returns a value that is not False.\n    \n        Calls the method provided with the driver as an argument until the\n        return value does not evaluate to ``False``.\n    \n        Parameters:\n        ----------\n        method: callable(WebDriver)\n            - A callable object that takes a WebDriver instance as an argument.\n    \n        message: str\n            - Optional message for :exc:`TimeoutException`\n    \n        Return:\n        -------\n        object: T\n            - The result of the last call to `method`\n    \n        Raises:\n        -------\n        TimeoutException\n            - If 'method' does not return a truthy value within the WebDriverWait\n            object's timeout\n    \n        Example:\n        --------\n        >>> from selenium.webdriver.common.by import By\n        >>> from selenium.webdriver.support.ui import WebDriverWait\n        >>> from selenium.webdriver.support import expected_conditions as EC\n    \n        # Wait until an element is visible on the page\n        >>> wait = WebDriverWait(driver, 10)\n        >>> element = wait.until(EC.visibility_of_element_located((By.ID, \"exampleId\")))\n        >>> print(element.text)\n        \"\"\"\n        screen = None\n        stacktrace = None\n    \n        end_time = time.monotonic() + self._timeout\n        while True:\n            try:\n                value = method(self._driver)\n                if value:\n                    return value\n            except self._ignored_exceptions as exc:\n                screen = getattr(exc, \"screen\", None)\n                stacktrace = getattr(exc, \"stacktrace\", None)\n            if time.monotonic() > end_time:\n                break\n            time.sleep(self._poll)\n>       raise TimeoutException(message, screen, stacktrace)\nE       selenium.common.exceptions.TimeoutException: Message: \nE       Stacktrace:\nE       \tGetHandleVerifier [0x00007FF745EEE735+13397]\nE       \tMicrosoft::Applications::Events::EventProperty::empty [0x00007FF74617B1B4+2060276]\nE       \tMicrosoft::Applications::Events::EventProperty::empty [0x00007FF7460D2338+1368440]\nE       \t(No symbol) [0x00007FF745CC32A9]\nE       \t(No symbol) [0x00007FF745CC349B]\nE       \t(No symbol) [0x00007FF745D040E7]\nE       \t(No symbol) [0x00007FF745CE429F]\nE       \t(No symbol) [0x00007FF745CB964D]\nE       \t(No symbol) [0x00007FF745D01C00]\nE       \t(No symbol) [0x00007FF745CE3FC3]\nE       \t(No symbol) [0x00007FF745CB8B96]\nE       \t(No symbol) [0x00007FF745CB7E50]\nE       \t(No symbol) [0x00007FF745CB89C3]\nE       \t(No symbol) [0x00007FF745D40214]\nE       \t(No symbol) [0x00007FF745DD06CF]\nE       \t(No symbol) [0x00007FF745D43A53]\nE       \tMicrosoft::Applications::Events::EventProperty::to_string [0x00007FF7462345BD+279981]\nE       \tsimdutf::get_active_implementation [0x00007FF745E778C1+409457]\nE       \tsimdutf::get_active_implementation [0x00007FF745E72BA4+389716]\nE       \tsimdutf::get_active_implementation [0x00007FF745E72CE9+390041]\nE       \tsimdutf::get_active_implementation [0x00007FF745E662E6+338326]\nE       \t(No symbol) [0x00007FFDAC31E8D7]\nE       \tRtlUserThreadStart [0x00007FFDAD7FBF2C+44]\n\n..\\..\\..\\AppData\\Local\\Programs\\Python\\Python310\\lib\\site-packages\\selenium\\webdriver\\support\\wait.py:146: TimeoutException"}, "attachments": [{"name": "01_HomePageLoaded", "source": "a378e7b4-783b-42dc-8a50-e808937bf675-attachment.png", "type": "image/png"}, {"name": "02_NavigatedToShirts", "source": "28897dad-2f36-44d3-b0c9-7bdd48fabb7f-attachment.png", "type": "image/png"}, {"name": "03_ProductPageLoaded", "source": "581c4ae2-915a-4977-8251-1ebd93680723-attachment.png", "type": "image/png"}, {"name": "04_SelectedSize", "source": "3af5b57f-542b-4de3-9936-8d6b39ff3006-attachment.png", "type": "image/png"}, {"name": "05_AddedToCart", "source": "07c9cfd6-1640-480f-bba1-1243352f3a61-attachment.png", "type": "image/png"}, {"name": "stdout", "source": "2fd1b6c1-6a1f-460f-957f-e2f045dc4e60-attachment.txt", "type": "text/plain"}], "parameters": [{"name": "driver", "value": "'edge'"}], "start": 1740373429988, "stop": 1740373453022, "uuid": "86ea82fd-db8e-435a-b379-12999340b698", "historyId": "eb2c6f15825d0e9cb61fc8c78b6ec0cd", "testCaseId": "9b7f0a169330f2282ff04f62e49b290d", "fullName": "tests.test_guest_checkout.TestGuestCheckout#test_guest_checkout", "labels": [{"name": "tag", "value": "@pytest.mark.usefixtures('driver')"}, {"name": "parentSuite", "value": "tests"}, {"name": "suite", "value": "test_guest_checkout"}, {"name": "subSuite", "value": "TestGuestCheckout"}, {"name": "host", "value": "BOMINA-NW10886"}, {"name": "thread", "value": "33568-MainThread"}, {"name": "framework", "value": "pytest"}, {"name": "language", "value": "cpython3"}, {"name": "package", "value": "tests.test_guest_checkout"}]}