{"name": "test_click_fabric_type[chrome]", "status": "broken", "statusDetails": {"message": "selenium.common.exceptions.TimeoutException: Message: \nStacktrace:\n\tGetHandleVerifier [0x002DB5A3+24387]\n\t(No symbol) [0x00265904]\n\t(No symbol) [0x00140753]\n\t(No symbol) [0x00188BA9]\n\t(No symbol) [0x00188EFB]\n\t(No symbol) [0x001D19C2]\n\t(No symbol) [0x001AD894]\n\t(No symbol) [0x001CF138]\n\t(No symbol) [0x001AD646]\n\t(No symbol) [0x0017C59F]\n\t(No symbol) [0x0017D8E4]\n\tGetHandleVerifier [0x005DD883+3179043]\n\tGetHandleVerifier [0x005F6CF9+3282585]\n\tGetHandleVerifier [0x005F167C+3260444]\n\tGetHandleVerifier [0x00374330+650448]\n\t(No symbol) [0x0026ED0D]\n\t(No symbol) [0x0026BAF8]\n\t(No symbol) [0x0026BC99]\n\t(No symbol) [0x0025E530]\n\t(No symbol) [0x756F5D49]\n\tRtlInitializeExceptionChain [0x7705CE3B+107]\n\tRtlGetAppContainerNamedObjectPath [0x7705CDC1+561]\n\t(No symbol) [0x00000000]", "trace": "self = <POM_Framework.tests.test_randoim.TestNavigationMenu object at 0x0000029B8A800190>\n\n    def test_click_fabric_type(self):\n        \"\"\"Click on a fabric type and verify correct navigation.\"\"\"\n>       self.navigation_page.hover_over_brands()\n\ntest_randoim.py:56: \n_ _ _ _ _ _ _ _ _ _ _ _ _ _ _ _ _ _ _ _ _ _ _ _ _ _ _ _ _ _ _ _ _ _ _ _ _ _ _ _\n..\\pages\\menu_navigation_objects.py:30: in hover_over_brands\n    brands_element = self.find_element(self.BRANDS_MENU)\n..\\pages\\base_page.py:16: in find_element\n    return WebDriverWait(self.driver, 10).until(\n_ _ _ _ _ _ _ _ _ _ _ _ _ _ _ _ _ _ _ _ _ _ _ _ _ _ _ _ _ _ _ _ _ _ _ _ _ _ _ _\n\nself = <selenium.webdriver.support.wait.WebDriverWait (session=\"87b0f2f824b5b8e7b60dcf3896805593\")>\nmethod = <function presence_of_element_located.<locals>._predicate at 0x0000029B8A7F8430>\nmessage = ''\n\n    def until(self, method: Callable[[D], Union[Literal[False], T]], message: str = \"\") -> T:\n        \"\"\"Wait until the method returns a value that is not False.\n    \n        Calls the method provided with the driver as an argument until the\n        return value does not evaluate to ``False``.\n    \n        Parameters:\n        ----------\n        method: callable(WebDriver)\n            - A callable object that takes a WebDriver instance as an argument.\n    \n        message: str\n            - Optional message for :exc:`TimeoutException`\n    \n        Return:\n        -------\n        object: T\n            - The result of the last call to `method`\n    \n        Raises:\n        -------\n        TimeoutException\n            - If 'method' does not return a truthy value within the WebDriverWait\n            object's timeout\n    \n        Example:\n        --------\n        >>> from selenium.webdriver.common.by import By\n        >>> from selenium.webdriver.support.ui import WebDriverWait\n        >>> from selenium.webdriver.support import expected_conditions as EC\n    \n        # Wait until an element is visible on the page\n        >>> wait = WebDriverWait(driver, 10)\n        >>> element = wait.until(EC.visibility_of_element_located((By.ID, \"exampleId\")))\n        >>> print(element.text)\n        \"\"\"\n        screen = None\n        stacktrace = None\n    \n        end_time = time.monotonic() + self._timeout\n        while True:\n            try:\n                value = method(self._driver)\n                if value:\n                    return value\n            except self._ignored_exceptions as exc:\n                screen = getattr(exc, \"screen\", None)\n                stacktrace = getattr(exc, \"stacktrace\", None)\n            if time.monotonic() > end_time:\n                break\n            time.sleep(self._poll)\n>       raise TimeoutException(message, screen, stacktrace)\nE       selenium.common.exceptions.TimeoutException: Message: \nE       Stacktrace:\nE       \tGetHandleVerifier [0x002DB5A3+24387]\nE       \t(No symbol) [0x00265904]\nE       \t(No symbol) [0x00140753]\nE       \t(No symbol) [0x00188BA9]\nE       \t(No symbol) [0x00188EFB]\nE       \t(No symbol) [0x001D19C2]\nE       \t(No symbol) [0x001AD894]\nE       \t(No symbol) [0x001CF138]\nE       \t(No symbol) [0x001AD646]\nE       \t(No symbol) [0x0017C59F]\nE       \t(No symbol) [0x0017D8E4]\nE       \tGetHandleVerifier [0x005DD883+3179043]\nE       \tGetHandleVerifier [0x005F6CF9+3282585]\nE       \tGetHandleVerifier [0x005F167C+3260444]\nE       \tGetHandleVerifier [0x00374330+650448]\nE       \t(No symbol) [0x0026ED0D]\nE       \t(No symbol) [0x0026BAF8]\nE       \t(No symbol) [0x0026BC99]\nE       \t(No symbol) [0x0025E530]\nE       \t(No symbol) [0x756F5D49]\nE       \tRtlInitializeExceptionChain [0x7705CE3B+107]\nE       \tRtlGetAppContainerNamedObjectPath [0x7705CDC1+561]\nE       \t(No symbol) [0x00000000]\n\n..\\..\\..\\AppData\\Local\\Programs\\Python\\Python310\\lib\\site-packages\\selenium\\webdriver\\support\\wait.py:146: TimeoutException"}, "description": "Click on a fabric type and verify correct navigation.", "parameters": [{"name": "driver", "value": "'chrome'"}], "start": 1742280834814, "stop": 1742280844840, "uuid": "2e71f55d-93be-45a6-a55e-7fee3d1334dd", "historyId": "cd16f9ed85d1464e1e7de3ea752cd1ba", "testCaseId": "ec412668f236d8df017a5c8f4797110c", "fullName": "tests.test_randoim.TestNavigationMenu#test_click_fabric_type", "labels": [{"name": "feature", "value": "Navigation Menu Tests"}, {"name": "tag", "value": "@pytest.mark.usefixtures('driver')"}, {"name": "parentSuite", "value": "tests"}, {"name": "suite", "value": "test_randoim"}, {"name": "subSuite", "value": "TestNavigationMenu"}, {"name": "host", "value": "BOMINA-NW10886"}, {"name": "thread", "value": "17516-MainThread"}, {"name": "framework", "value": "pytest"}, {"name": "language", "value": "cpython3"}, {"name": "package", "value": "tests.test_randoim"}]}