{"name": "Verify clicking on SHIRTS navigates correctly", "status": "broken", "statusDetails": {"message": "selenium.common.exceptions.TimeoutException: Message: \nStacktrace:\n\tGetHandleVerifier [0x003CB5A3+24387]\n\t(No symbol) [0x00355904]\n\t(No symbol) [0x00230753]\n\t(No symbol) [0x00278BA9]\n\t(No symbol) [0x00278EFB]\n\t(No symbol) [0x002C19C2]\n\t(No symbol) [0x0029D894]\n\t(No symbol) [0x002BF138]\n\t(No symbol) [0x0029D646]\n\t(No symbol) [0x0026C59F]\n\t(No symbol) [0x0026D8E4]\n\tGetHandleVerifier [0x006CD883+3179043]\n\tGetHandleVerifier [0x006E6CF9+3282585]\n\tGetHandleVerifier [0x006E167C+3260444]\n\tGetHandleVerifier [0x00464330+650448]\n\t(No symbol) [0x0035ED0D]\n\t(No symbol) [0x0035BAF8]\n\t(No symbol) [0x0035BC99]\n\t(No symbol) [0x0034E530]\n\t(No symbol) [0x756F5D49]\n\tRtlInitializeExceptionChain [0x7705CE3B+107]\n\tRtlGetAppContainerNamedObjectPath [0x7705CDC1+561]", "trace": "self = <POM_Framework.tests.test_navigation_wip.TestNavigationMenu object at 0x00000262C6B8FDC0>\ndriver = <selenium.webdriver.chrome.webdriver.WebDriver (session=\"5453a773cd98853e0aa9370b3fe09d81\")>\n\n    @allure.title(\"Verify clicking on SHIRTS navigates correctly\")\n    def test_click_on_shirts(self, driver):\n        home_page = HomePage(driver)\n        navigation_menu = NavigationMenu(driver)\n>       home_page.navigate_to_shirts()\n\ntest_navigation_wip.py:14: \n_ _ _ _ _ _ _ _ _ _ _ _ _ _ _ _ _ _ _ _ _ _ _ _ _ _ _ _ _ _ _ _ _ _ _ _ _ _ _ _\n..\\pages\\home_page.py:10: in navigate_to_shirts\n    self.click_element(self.SHIRTS_CATEGORY)\n..\\pages\\base_page.py:21: in click_element\n    element = self.find_element(locator)\n..\\pages\\base_page.py:16: in find_element\n    return WebDriverWait(self.driver, 10).until(\n_ _ _ _ _ _ _ _ _ _ _ _ _ _ _ _ _ _ _ _ _ _ _ _ _ _ _ _ _ _ _ _ _ _ _ _ _ _ _ _\n\nself = <selenium.webdriver.support.wait.WebDriverWait (session=\"5453a773cd98853e0aa9370b3fe09d81\")>\nmethod = <function presence_of_element_located.<locals>._predicate at 0x00000262C6B77B50>\nmessage = ''\n\n    def until(self, method: Callable[[D], Union[Literal[False], T]], message: str = \"\") -> T:\n        \"\"\"Wait until the method returns a value that is not False.\n    \n        Calls the method provided with the driver as an argument until the\n        return value does not evaluate to ``False``.\n    \n        Parameters:\n        ----------\n        method: callable(WebDriver)\n            - A callable object that takes a WebDriver instance as an argument.\n    \n        message: str\n            - Optional message for :exc:`TimeoutException`\n    \n        Return:\n        -------\n        object: T\n            - The result of the last call to `method`\n    \n        Raises:\n        -------\n        TimeoutException\n            - If 'method' does not return a truthy value within the WebDriverWait\n            object's timeout\n    \n        Example:\n        --------\n        >>> from selenium.webdriver.common.by import By\n        >>> from selenium.webdriver.support.ui import WebDriverWait\n        >>> from selenium.webdriver.support import expected_conditions as EC\n    \n        # Wait until an element is visible on the page\n        >>> wait = WebDriverWait(driver, 10)\n        >>> element = wait.until(EC.visibility_of_element_located((By.ID, \"exampleId\")))\n        >>> print(element.text)\n        \"\"\"\n        screen = None\n        stacktrace = None\n    \n        end_time = time.monotonic() + self._timeout\n        while True:\n            try:\n                value = method(self._driver)\n                if value:\n                    return value\n            except self._ignored_exceptions as exc:\n                screen = getattr(exc, \"screen\", None)\n                stacktrace = getattr(exc, \"stacktrace\", None)\n            if time.monotonic() > end_time:\n                break\n            time.sleep(self._poll)\n>       raise TimeoutException(message, screen, stacktrace)\nE       selenium.common.exceptions.TimeoutException: Message: \nE       Stacktrace:\nE       \tGetHandleVerifier [0x003CB5A3+24387]\nE       \t(No symbol) [0x00355904]\nE       \t(No symbol) [0x00230753]\nE       \t(No symbol) [0x00278BA9]\nE       \t(No symbol) [0x00278EFB]\nE       \t(No symbol) [0x002C19C2]\nE       \t(No symbol) [0x0029D894]\nE       \t(No symbol) [0x002BF138]\nE       \t(No symbol) [0x0029D646]\nE       \t(No symbol) [0x0026C59F]\nE       \t(No symbol) [0x0026D8E4]\nE       \tGetHandleVerifier [0x006CD883+3179043]\nE       \tGetHandleVerifier [0x006E6CF9+3282585]\nE       \tGetHandleVerifier [0x006E167C+3260444]\nE       \tGetHandleVerifier [0x00464330+650448]\nE       \t(No symbol) [0x0035ED0D]\nE       \t(No symbol) [0x0035BAF8]\nE       \t(No symbol) [0x0035BC99]\nE       \t(No symbol) [0x0034E530]\nE       \t(No symbol) [0x756F5D49]\nE       \tRtlInitializeExceptionChain [0x7705CE3B+107]\nE       \tRtlGetAppContainerNamedObjectPath [0x7705CDC1+561]\n\n..\\..\\..\\AppData\\Local\\Programs\\Python\\Python310\\lib\\site-packages\\selenium\\webdriver\\support\\wait.py:146: TimeoutException"}, "parameters": [{"name": "driver", "value": "'chrome'"}], "start": 1742276786802, "stop": 1742276796824, "uuid": "8889504a-4f10-4bc7-b8aa-c860f4c65b4e", "historyId": "a3e2598f58f04c79442538a54f934d9e", "testCaseId": "659f63898821a5e84cfff96c6d1cd8c3", "fullName": "tests.test_navigation_wip.TestNavigationMenu#test_click_on_shirts", "labels": [{"name": "feature", "value": "Navigation Menu"}, {"name": "tag", "value": "@pytest.mark.usefixtures('driver')"}, {"name": "parentSuite", "value": "tests"}, {"name": "suite", "value": "test_navigation_wip"}, {"name": "subSuite", "value": "TestNavigationMenu"}, {"name": "host", "value": "BOMINA-NW10886"}, {"name": "thread", "value": "22020-MainThread"}, {"name": "framework", "value": "pytest"}, {"name": "language", "value": "cpython3"}, {"name": "package", "value": "tests.test_navigation_wip"}]}