{"name": "Verify clicking on SHIRTS navigates correctly", "status": "broken", "statusDetails": {"message": "selenium.common.exceptions.TimeoutException: Message: \nStacktrace:\nRemoteError@chrome://remote/content/shared/RemoteError.sys.mjs:8:8\nWebDriverError@chrome://remote/content/shared/webdriver/Errors.sys.mjs:193:5\nNoSuchElementError@chrome://remote/content/shared/webdriver/Errors.sys.mjs:511:5\ndom.find/</<@chrome://remote/content/shared/DOM.sys.mjs:136:16", "trace": "self = <POM_Framework.tests.test_navigation_wip.TestNavigationMenu object at 0x00000262C6B8E9E0>\ndriver = <selenium.webdriver.firefox.webdriver.WebDriver (session=\"1eb6cc71-7b39-4d4e-938a-cb0ebb3094a2\")>\n\n    @allure.title(\"Verify clicking on SHIRTS navigates correctly\")\n    def test_click_on_shirts(self, driver):\n        home_page = HomePage(driver)\n        navigation_menu = NavigationMenu(driver)\n>       home_page.navigate_to_shirts()\n\ntest_navigation_wip.py:14: \n_ _ _ _ _ _ _ _ _ _ _ _ _ _ _ _ _ _ _ _ _ _ _ _ _ _ _ _ _ _ _ _ _ _ _ _ _ _ _ _\n..\\pages\\home_page.py:10: in navigate_to_shirts\n    self.click_element(self.SHIRTS_CATEGORY)\n..\\pages\\base_page.py:21: in click_element\n    element = self.find_element(locator)\n..\\pages\\base_page.py:16: in find_element\n    return WebDriverWait(self.driver, 10).until(\n_ _ _ _ _ _ _ _ _ _ _ _ _ _ _ _ _ _ _ _ _ _ _ _ _ _ _ _ _ _ _ _ _ _ _ _ _ _ _ _\n\nself = <selenium.webdriver.support.wait.WebDriverWait (session=\"1eb6cc71-7b39-4d4e-938a-cb0ebb3094a2\")>\nmethod = <function presence_of_element_located.<locals>._predicate at 0x00000262C6BFAD40>\nmessage = ''\n\n    def until(self, method: Callable[[D], Union[Literal[False], T]], message: str = \"\") -> T:\n        \"\"\"Wait until the method returns a value that is not False.\n    \n        Calls the method provided with the driver as an argument until the\n        return value does not evaluate to ``False``.\n    \n        Parameters:\n        ----------\n        method: callable(WebDriver)\n            - A callable object that takes a WebDriver instance as an argument.\n    \n        message: str\n            - Optional message for :exc:`TimeoutException`\n    \n        Return:\n        -------\n        object: T\n            - The result of the last call to `method`\n    \n        Raises:\n        -------\n        TimeoutException\n            - If 'method' does not return a truthy value within the WebDriverWait\n            object's timeout\n    \n        Example:\n        --------\n        >>> from selenium.webdriver.common.by import By\n        >>> from selenium.webdriver.support.ui import WebDriverWait\n        >>> from selenium.webdriver.support import expected_conditions as EC\n    \n        # Wait until an element is visible on the page\n        >>> wait = WebDriverWait(driver, 10)\n        >>> element = wait.until(EC.visibility_of_element_located((By.ID, \"exampleId\")))\n        >>> print(element.text)\n        \"\"\"\n        screen = None\n        stacktrace = None\n    \n        end_time = time.monotonic() + self._timeout\n        while True:\n            try:\n                value = method(self._driver)\n                if value:\n                    return value\n            except self._ignored_exceptions as exc:\n                screen = getattr(exc, \"screen\", None)\n                stacktrace = getattr(exc, \"stacktrace\", None)\n            if time.monotonic() > end_time:\n                break\n            time.sleep(self._poll)\n>       raise TimeoutException(message, screen, stacktrace)\nE       selenium.common.exceptions.TimeoutException: Message: \nE       Stacktrace:\nE       RemoteError@chrome://remote/content/shared/RemoteError.sys.mjs:8:8\nE       WebDriverError@chrome://remote/content/shared/webdriver/Errors.sys.mjs:193:5\nE       NoSuchElementError@chrome://remote/content/shared/webdriver/Errors.sys.mjs:511:5\nE       dom.find/</<@chrome://remote/content/shared/DOM.sys.mjs:136:16\n\n..\\..\\..\\AppData\\Local\\Programs\\Python\\Python310\\lib\\site-packages\\selenium\\webdriver\\support\\wait.py:146: TimeoutException"}, "parameters": [{"name": "driver", "value": "'firefox'"}], "start": 1742276805383, "stop": 1742276815396, "uuid": "40c4008b-d89e-4d88-beec-c85360ec2886", "historyId": "ad9cbae423bdd976bfa8441a2ab2a8d5", "testCaseId": "659f63898821a5e84cfff96c6d1cd8c3", "fullName": "tests.test_navigation_wip.TestNavigationMenu#test_click_on_shirts", "labels": [{"name": "feature", "value": "Navigation Menu"}, {"name": "tag", "value": "@pytest.mark.usefixtures('driver')"}, {"name": "parentSuite", "value": "tests"}, {"name": "suite", "value": "test_navigation_wip"}, {"name": "subSuite", "value": "TestNavigationMenu"}, {"name": "host", "value": "BOMINA-NW10886"}, {"name": "thread", "value": "22020-MainThread"}, {"name": "framework", "value": "pytest"}, {"name": "language", "value": "cpython3"}, {"name": "package", "value": "tests.test_navigation_wip"}]}